iteration: 0    and    r residual :4997.54
iteration: 1    and    r residual :6407.05
iteration: 2    and    r residual :1233.45
iteration: 3    and    r residual :1412.06
iteration: 4    and    r residual :1444.25
iteration: 5    and    r residual :577.625
iteration: 6    and    r residual :557.146
iteration: 7    and    r residual :612.581
iteration: 8    and    r residual :626.183
iteration: 9    and    r residual :339.247
iteration: 10    and    r residual :354.096
iteration: 11    and    r residual :352.573
iteration: 12    and    r residual :393.922
iteration: 13    and    r residual :391.613
iteration: 14    and    r residual :708.226
iteration: 15    and    r residual :251.949
iteration: 16    and    r residual :255.385
iteration: 17    and    r residual :253.34
iteration: 18    and    r residual :292.525
iteration: 19    and    r residual :291.114
iteration: 20    and    r residual :341.855
iteration: 21    and    r residual :230.01
iteration: 22    and    r residual :202.696
iteration: 23    and    r residual :198.514
iteration: 24    and    r residual :198.184
iteration: 25    and    r residual :241.582
iteration: 26    and    r residual :279.424
iteration: 27    and    r residual :180.232
iteration: 28    and    r residual :168.526
iteration: 29    and    r residual :166.169
iteration: 30    and    r residual :167.619
iteration: 31    and    r residual :247.077
iteration: 32    and    r residual :270.894
iteration: 33    and    r residual :241.469
iteration: 34    and    r residual :145.755
iteration: 35    and    r residual :142.795
iteration: 36    and    r residual :137.995
iteration: 37    and    r residual :152.895
iteration: 38    and    r residual :5624.52
iteration: 39    and    r residual :823.105
iteration: 40    and    r residual :472.944
iteration: 41    and    r residual :122.777
iteration: 42    and    r residual :122.565
iteration: 43    and    r residual :121.944
iteration: 44    and    r residual :121.437
iteration: 45    and    r residual :346.518
iteration: 46    and    r residual :355.983
iteration: 47    and    r residual :166.14
iteration: 48    and    r residual :92.9198
iteration: 49    and    r residual :92.1036
iteration: 50    and    r residual :91.3596
iteration: 51    and    r residual :90.0814
iteration: 52    and    r residual :84.8369
iteration: 53    and    r residual :89.7647
iteration: 54    and    r residual :76.6276
iteration: 55    and    r residual :206.007
iteration: 56    and    r residual :75.1239
iteration: 57    and    r residual :63.815
iteration: 58    and    r residual :76.7786
iteration: 59    and    r residual :141.951
iteration: 60    and    r residual :58.9648
iteration: 61    and    r residual :57.2908
iteration: 62    and    r residual :56.2999
iteration: 63    and    r residual :48.227
iteration: 64    and    r residual :49.0611
iteration: 65    and    r residual :47.7248
iteration: 66    and    r residual :51.2028
iteration: 67    and    r residual :93.0189
iteration: 68    and    r residual :90.8154
iteration: 69    and    r residual :314.077
iteration: 70    and    r residual :409.378
iteration: 71    and    r residual :147.146
iteration: 72    and    r residual :50.642
iteration: 73    and    r residual :31.0452
iteration: 74    and    r residual :28.7779
iteration: 75    and    r residual :28.2075
iteration: 76    and    r residual :27.6583
iteration: 77    and    r residual :27.0246
iteration: 78    and    r residual :24.1066
iteration: 79    and    r residual :25.4718
iteration: 80    and    r residual :25.41
iteration: 81    and    r residual :474.811
iteration: 82    and    r residual :38.513
iteration: 83    and    r residual :57.6735
iteration: 84    and    r residual :73.435
iteration: 85    and    r residual :75.4799
iteration: 86    and    r residual :20.7191
iteration: 87    and    r residual :5656.74
iteration: 88    and    r residual :60.5793
iteration: 89    and    r residual :21.7377
iteration: 90    and    r residual :20.1625
iteration: 91    and    r residual :19.9756
iteration: 92    and    r residual :14.5516
iteration: 93    and    r residual :13.4206
iteration: 94    and    r residual :9.78501
iteration: 95    and    r residual :11.3582
iteration: 96    and    r residual :29.4654
iteration: 97    and    r residual :9.65629
iteration: 98    and    r residual :9.77526
iteration: 99    and    r residual :9.10298
iteration: 100    and    r residual :10.4952
iteration: 101    and    r residual :7.84349
iteration: 102    and    r residual :86.0587
iteration: 103    and    r residual :16.8668
iteration: 104    and    r residual :8.50961
iteration: 105    and    r residual :8.70837
iteration: 106    and    r residual :8.65239
iteration: 107    and    r residual :11.3076
iteration: 108    and    r residual :9.12817
iteration: 109    and    r residual :9.3345
iteration: 110    and    r residual :5.97198
iteration: 111    and    r residual :139.26
iteration: 112    and    r residual :4.16537
iteration: 113    and    r residual :8.0311
iteration: 114    and    r residual :5.00216
iteration: 115    and    r residual :4.54307
iteration: 116    and    r residual :4.38374
iteration: 117    and    r residual :4.37701
iteration: 118    and    r residual :4.92875
iteration: 119    and    r residual :4.11226
iteration: 120    and    r residual :7.34
iteration: 121    and    r residual :9.29139
iteration: 122    and    r residual :9.20059
iteration: 123    and    r residual :8.59415
iteration: 124    and    r residual :4.18636
iteration: 125    and    r residual :4.51378
iteration: 126    and    r residual :4.43075
iteration: 127    and    r residual :2.41977
iteration: 128    and    r residual :2.26042
iteration: 129    and    r residual :2.21345
iteration: 130    and    r residual :2.09513
iteration: 131    and    r residual :2.10117
iteration: 132    and    r residual :1.78505
iteration: 133    and    r residual :1.71875
iteration: 134    and    r residual :1.97228
iteration: 135    and    r residual :1.4537
iteration: 136    and    r residual :1.45592
iteration: 137    and    r residual :1.2248
iteration: 138    and    r residual :1.19064
iteration: 139    and    r residual :1.41492
iteration: 140    and    r residual :1.47191
iteration: 141    and    r residual :1.45385
iteration: 142    and    r residual :1.44748
iteration: 143    and    r residual :1.47445
iteration: 144    and    r residual :1.48461
iteration: 145    and    r residual :1.45504
iteration: 146    and    r residual :1.42622
iteration: 147    and    r residual :1.91565
iteration: 148    and    r residual :0.952354
iteration: 149    and    r residual :2.9774
iteration: 150    and    r residual :2.36991
iteration: 151    and    r residual :8.22199
iteration: 152    and    r residual :3.53587
iteration: 153    and    r residual :3.46704
iteration: 154    and    r residual :6.55103
iteration: 155    and    r residual :21.5348
iteration: 156    and    r residual :2.24271
iteration: 157    and    r residual :5.4378
iteration: 158    and    r residual :4.54432
iteration: 159    and    r residual :6.44746
iteration: 160    and    r residual :17.0877
iteration: 161    and    r residual :7.73989
iteration: 162    and    r residual :15.7253
iteration: 163    and    r residual :2.76175
iteration: 164    and    r residual :0.99783
iteration: 165    and    r residual :1.79225
iteration: 166    and    r residual :0.727449
iteration: 167    and    r residual :1.59157
iteration: 168    and    r residual :0.279702
iteration: 169    and    r residual :0.280699
iteration: 170    and    r residual :0.258143
iteration: 171    and    r residual :0.253242
iteration: 172    and    r residual :0.247483
iteration: 173    and    r residual :0.25809
iteration: 174    and    r residual :0.22425
iteration: 175    and    r residual :0.220459
iteration: 176    and    r residual :0.235832
iteration: 177    and    r residual :0.554155
iteration: 178    and    r residual :0.282342
iteration: 179    and    r residual :0.368283
iteration: 180    and    r residual :0.362279
iteration: 181    and    r residual :0.226987
iteration: 182    and    r residual :0.192687
iteration: 183    and    r residual :0.190154
iteration: 184    and    r residual :0.192531
iteration: 185    and    r residual :0.189604
iteration: 186    and    r residual :0.0945984
iteration: 187    and    r residual :0.168431
iteration: 188    and    r residual :0.129586
iteration: 189    and    r residual :0.115969
iteration: 190    and    r residual :0.113698
iteration: 191    and    r residual :0.120291
iteration: 192    and    r residual :0.11901
iteration: 193    and    r residual :0.101349
iteration: 194    and    r residual :0.132233
iteration: 195    and    r residual :1.13831
iteration: 196    and    r residual :0.123432
iteration: 197    and    r residual :0.132911
iteration: 198    and    r residual :0.160798
iteration: 199    and    r residual :0.111448
iteration: 200    and    r residual :0.144592
iteration: 201    and    r residual :0.0657457
iteration: 202    and    r residual :0.0710186
iteration: 203    and    r residual :0.06118
iteration: 204    and    r residual :0.0601078
iteration: 205    and    r residual :0.220044
iteration: 206    and    r residual :0.0493397
iteration: 207    and    r residual :0.0456989
iteration: 208    and    r residual :0.0434368
iteration: 209    and    r residual :0.0417996
iteration: 210    and    r residual :0.0410818
iteration: 211    and    r residual :0.044143
iteration: 212    and    r residual :0.043353
iteration: 213    and    r residual :0.0612851
iteration: 214    and    r residual :0.0211609
iteration: 215    and    r residual :0.0235916
iteration: 216    and    r residual :0.0204917
iteration: 217    and    r residual :0.0202162
iteration: 218    and    r residual :0.0186101
iteration: 219    and    r residual :0.0185963
iteration: 220    and    r residual :0.0152748
iteration: 221    and    r residual :0.0188947
iteration: 222    and    r residual :0.0634278
iteration: 223    and    r residual :0.0618247
iteration: 224    and    r residual :0.00562176
iteration: 225    and    r residual :0.00773632
iteration: 226    and    r residual :0.00821176
iteration: 227    and    r residual :0.00430279
iteration: 228    and    r residual :0.00980682
iteration: 229    and    r residual :0.00523513
iteration: 230    and    r residual :0.00540423
iteration: 231    and    r residual :0.00553649
iteration: 232    and    r residual :0.0229473
iteration: 233    and    r residual :0.0225366
iteration: 234    and    r residual :0.00501356
iteration: 235    and    r residual :0.00713052
iteration: 236    and    r residual :0.00296661
iteration: 237    and    r residual :0.00281394
iteration: 238    and    r residual :0.003244
iteration: 239    and    r residual :0.00232026
iteration: 240    and    r residual :0.00205355
iteration: 241    and    r residual :0.00187385
iteration: 242    and    r residual :0.00317423
iteration: 243    and    r residual :0.00315229
iteration: 244    and    r residual :0.00153722
iteration: 245    and    r residual :0.0015273
iteration: 246    and    r residual :0.0011029
iteration: 247    and    r residual :0.00110283
iteration: 248    and    r residual :0.000934221
iteration: 249    and    r residual :0.000928334
iteration: 250    and    r residual :0.000921236
iteration: 251    and    r residual :0.0017457
iteration: 252    and    r residual :0.0011317
iteration: 253    and    r residual :0.00166933
iteration: 254    and    r residual :0.00235456
iteration: 255    and    r residual :0.00119878
iteration: 256    and    r residual :0.00172007
iteration: 257    and    r residual :0.0006405
iteration: 258    and    r residual :0.00110855
iteration: 259    and    r residual :0.00112124
iteration: 260    and    r residual :0.000670195
iteration: 261    and    r residual :0.000666186
iteration: 262    and    r residual :0.000566365
iteration: 263    and    r residual :0.000723008
iteration: 264    and    r residual :0.000536666
iteration: 265    and    r residual :0.000283351
iteration: 266    and    r residual :0.000275488
iteration: 267    and    r residual :0.000268681
iteration: 268    and    r residual :0.000262002
iteration: 269    and    r residual :0.000222698
iteration: 270    and    r residual :0.000375814
iteration: 271    and    r residual :0.00141416
iteration: 272    and    r residual :0.00236306
iteration: 273    and    r residual :0.000231078
iteration: 274    and    r residual :0.000230732
iteration: 275    and    r residual :0.000157011
iteration: 276    and    r residual :0.000302249
iteration: 277    and    r residual :0.000531112
iteration: 278    and    r residual :0.000519651
iteration: 279    and    r residual :0.000460296
iteration: 280    and    r residual :0.000545228
iteration: 281    and    r residual :0.00117671
iteration: 282    and    r residual :0.00100623
iteration: 283    and    r residual :0.00581087
iteration: 284    and    r residual :0.000968075
iteration: 285    and    r residual :0.00102416
iteration: 286    and    r residual :0.000374945
iteration: 287    and    r residual :0.000347407
iteration: 288    and    r residual :0.00043913
iteration: 289    and    r residual :0.000293443
iteration: 290    and    r residual :0.000297411
iteration: 291    and    r residual :0.000714413
iteration: 292    and    r residual :0.00032857
iteration: 293    and    r residual :0.000529452
iteration: 294    and    r residual :6.44317e-05
iteration: 295    and    r residual :0.000128965
iteration: 296    and    r residual :0.000126604
iteration: 297    and    r residual :0.000116632
iteration: 298    and    r residual :9.91336e-05
iteration: 299    and    r residual :7.87504e-05
iteration: 300    and    r residual :8.0044e-05
iteration: 301    and    r residual :7.9341e-05
iteration: 302    and    r residual :8.59482e-05
iteration: 303    and    r residual :8.33194e-05
iteration: 304    and    r residual :8.19137e-05
iteration: 305    and    r residual :9.56324e-05
iteration: 306    and    r residual :8.36421e-05
iteration: 307    and    r residual :0.000308689
iteration: 308    and    r residual :0.000300043
iteration: 309    and    r residual :0.000115856
iteration: 310    and    r residual :0.000118342
iteration: 311    and    r residual :0.000115568
iteration: 312    and    r residual :0.000106491
iteration: 313    and    r residual :0.000103167
iteration: 314    and    r residual :9.91434e-05
iteration: 315    and    r residual :0.000800571
iteration: 316    and    r residual :0.000791899
iteration: 317    and    r residual :0.000636384
iteration: 318    and    r residual :0.00210886
iteration: 319    and    r residual :0.000278489
iteration: 320    and    r residual :0.000305476
iteration: 321    and    r residual :6.13777e-05
iteration: 322    and    r residual :0.000145275
iteration: 323    and    r residual :1.85116e-05
iteration: 324    and    r residual :1.82211e-05
iteration: 325    and    r residual :1.48614e-05
iteration: 326    and    r residual :1.62473e-05
iteration: 327    and    r residual :1.16369e-05
iteration: 328    and    r residual :1.14522e-05
iteration: 329    and    r residual :1.10511e-05
iteration: 330    and    r residual :1.07312e-05
iteration: 331    and    r residual :1.02241e-05
iteration: 332    and    r residual :1.40297e-05
iteration: 333    and    r residual :1.24164e-05
BiCGStab execution time: 27.025 seconds.
Converged with residual norm: 5.11644e-06
Total execution time: 27.493 seconds.
