iteration: 0    and    r residual :4997.54
iteration: 1    and    r residual :6407.05
iteration: 2    and    r residual :1233.45
iteration: 3    and    r residual :1417.77
iteration: 4    and    r residual :1358.07
iteration: 5    and    r residual :563.066
iteration: 6    and    r residual :557.131
iteration: 7    and    r residual :614.106
iteration: 8    and    r residual :677.39
iteration: 9    and    r residual :352.015
iteration: 10    and    r residual :352.476
iteration: 11    and    r residual :351.394
iteration: 12    and    r residual :391.685
iteration: 13    and    r residual :372.165
iteration: 14    and    r residual :254.832
iteration: 15    and    r residual :251.653
iteration: 16    and    r residual :298.499
iteration: 17    and    r residual :282.313
iteration: 18    and    r residual :304.282
iteration: 19    and    r residual :216.852
iteration: 20    and    r residual :199.691
iteration: 21    and    r residual :199.715
iteration: 22    and    r residual :199.382
iteration: 23    and    r residual :347.895
iteration: 24    and    r residual :241.018
iteration: 25    and    r residual :310.758
iteration: 26    and    r residual :170.266
iteration: 27    and    r residual :168.379
iteration: 28    and    r residual :173.301
iteration: 29    and    r residual :224.971
iteration: 30    and    r residual :221.956
iteration: 31    and    r residual :207.757
iteration: 32    and    r residual :144.207
iteration: 33    and    r residual :142.053
iteration: 34    and    r residual :138.469
iteration: 35    and    r residual :142.343
iteration: 36    and    r residual :316.39
iteration: 37    and    r residual :302.464
iteration: 38    and    r residual :126.265
iteration: 39    and    r residual :125.433
iteration: 40    and    r residual :123.674
iteration: 41    and    r residual :941.486
iteration: 42    and    r residual :806.02
iteration: 43    and    r residual :932.439
iteration: 44    and    r residual :154.394
iteration: 45    and    r residual :108.836
iteration: 46    and    r residual :93.919
iteration: 47    and    r residual :89.8171
iteration: 48    and    r residual :92.6245
iteration: 49    and    r residual :87.5161
iteration: 50    and    r residual :118.677
iteration: 51    and    r residual :91.0944
iteration: 52    and    r residual :98.8963
iteration: 53    and    r residual :66.834
iteration: 54    and    r residual :102.32
iteration: 55    and    r residual :62.678
iteration: 56    and    r residual :59.5626
iteration: 57    and    r residual :58.3723
iteration: 58    and    r residual :67.1934
iteration: 59    and    r residual :48.8584
iteration: 60    and    r residual :49.7206
iteration: 61    and    r residual :74.468
iteration: 62    and    r residual :54.7858
iteration: 63    and    r residual :60.5994
iteration: 64    and    r residual :70.7328
iteration: 65    and    r residual :55.7572
iteration: 66    and    r residual :54.0884
iteration: 67    and    r residual :33.0108
iteration: 68    and    r residual :32.2974
iteration: 69    and    r residual :31.6058
iteration: 70    and    r residual :27.3369
iteration: 71    and    r residual :42.2793
iteration: 72    and    r residual :27.6541
iteration: 73    and    r residual :32.9383
iteration: 74    and    r residual :28.5263
iteration: 75    and    r residual :28.5425
iteration: 76    and    r residual :28.2647
iteration: 77    and    r residual :29.1363
iteration: 78    and    r residual :58.1184
iteration: 79    and    r residual :54.8527
iteration: 80    and    r residual :38.6
iteration: 81    and    r residual :43.7705
iteration: 82    and    r residual :21.6105
iteration: 83    and    r residual :16.9675
iteration: 84    and    r residual :16.609
iteration: 85    and    r residual :16.9171
iteration: 86    and    r residual :30.5539
iteration: 87    and    r residual :21.9195
iteration: 88    and    r residual :118.284
iteration: 89    and    r residual :10.9026
iteration: 90    and    r residual :10.0481
iteration: 91    and    r residual :9.85756
iteration: 92    and    r residual :9.82887
iteration: 93    and    r residual :11.5245
iteration: 94    and    r residual :18.6329
iteration: 95    and    r residual :18.5372
iteration: 96    and    r residual :17.0922
iteration: 97    and    r residual :10.1771
iteration: 98    and    r residual :10.3784
iteration: 99    and    r residual :9.04656
iteration: 100    and    r residual :8.88662
iteration: 101    and    r residual :8.71235
iteration: 102    and    r residual :6.64573
iteration: 103    and    r residual :6.66594
iteration: 104    and    r residual :5.5949
iteration: 105    and    r residual :5.92766
iteration: 106    and    r residual :6.16615
iteration: 107    and    r residual :4.56872
iteration: 108    and    r residual :4.46803
iteration: 109    and    r residual :4.43442
iteration: 110    and    r residual :4.88778
iteration: 111    and    r residual :6.61952
iteration: 112    and    r residual :6.4791
iteration: 113    and    r residual :35.2335
iteration: 114    and    r residual :28.9311
iteration: 115    and    r residual :3.20293
iteration: 116    and    r residual :3.81784
iteration: 117    and    r residual :3.38248
iteration: 118    and    r residual :2.57548
iteration: 119    and    r residual :2.51328
iteration: 120    and    r residual :2.70491
iteration: 121    and    r residual :2.62299
iteration: 122    and    r residual :6.52266
iteration: 123    and    r residual :5.70953
iteration: 124    and    r residual :5.86199
iteration: 125    and    r residual :2.08413
iteration: 126    and    r residual :4.63007
iteration: 127    and    r residual :1.70113
iteration: 128    and    r residual :1.65139
iteration: 129    and    r residual :1.8074
iteration: 130    and    r residual :1.63333
iteration: 131    and    r residual :2.18694
iteration: 132    and    r residual :1.33228
iteration: 133    and    r residual :1.28393
iteration: 134    and    r residual :1.37556
iteration: 135    and    r residual :1.21512
iteration: 136    and    r residual :25.9846
iteration: 137    and    r residual :0.821369
iteration: 138    and    r residual :0.794333
iteration: 139    and    r residual :0.83399
iteration: 140    and    r residual :5.17197
iteration: 141    and    r residual :25.8471
iteration: 142    and    r residual :5.44912
iteration: 143    and    r residual :5.35379
iteration: 144    and    r residual :933.74
iteration: 145    and    r residual :1.72186
iteration: 146    and    r residual :1.75541
iteration: 147    and    r residual :1.68133
iteration: 148    and    r residual :1.65097
iteration: 149    and    r residual :1.60802
iteration: 150    and    r residual :12.5191
iteration: 151    and    r residual :0.962524
iteration: 152    and    r residual :0.437962
iteration: 153    and    r residual :0.464902
iteration: 154    and    r residual :0.441377
iteration: 155    and    r residual :0.431512
iteration: 156    and    r residual :0.40159
iteration: 157    and    r residual :0.40241
iteration: 158    and    r residual :0.394944
iteration: 159    and    r residual :0.419348
iteration: 160    and    r residual :0.885433
iteration: 161    and    r residual :0.475386
iteration: 162    and    r residual :0.340649
iteration: 163    and    r residual :0.335425
iteration: 164    and    r residual :0.358007
iteration: 165    and    r residual :0.310464
iteration: 166    and    r residual :0.288265
iteration: 167    and    r residual :0.304373
iteration: 168    and    r residual :0.418553
iteration: 169    and    r residual :0.39644
iteration: 170    and    r residual :0.388712
iteration: 171    and    r residual :0.38293
iteration: 172    and    r residual :6.25015
iteration: 173    and    r residual :0.200077
iteration: 174    and    r residual :0.245764
iteration: 175    and    r residual :0.246994
iteration: 176    and    r residual :0.229398
iteration: 177    and    r residual :0.268116
iteration: 178    and    r residual :0.180233
iteration: 179    and    r residual :0.366254
iteration: 180    and    r residual :0.090659
iteration: 181    and    r residual :0.0985978
iteration: 182    and    r residual :0.119224
iteration: 183    and    r residual :0.589489
iteration: 184    and    r residual :0.0965611
iteration: 185    and    r residual :0.123107
iteration: 186    and    r residual :0.104567
iteration: 187    and    r residual :0.101798
iteration: 188    and    r residual :0.122084
iteration: 189    and    r residual :0.119095
iteration: 190    and    r residual :0.824742
iteration: 191    and    r residual :0.220675
iteration: 192    and    r residual :0.906882
iteration: 193    and    r residual :0.0897734
iteration: 194    and    r residual :0.0748144
iteration: 195    and    r residual :0.0938511
iteration: 196    and    r residual :0.0807695
iteration: 197    and    r residual :0.079877
iteration: 198    and    r residual :0.0262653
iteration: 199    and    r residual :0.0396396
iteration: 200    and    r residual :0.0191185
iteration: 201    and    r residual :0.0243266
iteration: 202    and    r residual :0.0549993
iteration: 203    and    r residual :0.0471107
iteration: 204    and    r residual :0.0279819
iteration: 205    and    r residual :0.0252891
iteration: 206    and    r residual :0.0338679
iteration: 207    and    r residual :0.0491492
iteration: 208    and    r residual :0.0477896
iteration: 209    and    r residual :0.0440063
iteration: 210    and    r residual :0.0486039
iteration: 211    and    r residual :0.0454441
iteration: 212    and    r residual :0.0465038
iteration: 213    and    r residual :0.0496517
iteration: 214    and    r residual :0.0067513
iteration: 215    and    r residual :0.00967516
iteration: 216    and    r residual :0.00845468
iteration: 217    and    r residual :0.0104879
iteration: 218    and    r residual :0.00643747
iteration: 219    and    r residual :0.00626866
iteration: 220    and    r residual :0.00577962
iteration: 221    and    r residual :0.00629376
iteration: 222    and    r residual :0.00416388
iteration: 223    and    r residual :0.00518586
iteration: 224    and    r residual :0.00248674
iteration: 225    and    r residual :0.00242645
iteration: 226    and    r residual :0.00434016
iteration: 227    and    r residual :0.00349738
iteration: 228    and    r residual :0.00346852
iteration: 229    and    r residual :0.00332493
iteration: 230    and    r residual :0.00373995
iteration: 231    and    r residual :0.00223472
iteration: 232    and    r residual :0.0021411
iteration: 233    and    r residual :0.00208542
iteration: 234    and    r residual :0.00208142
iteration: 235    and    r residual :0.0018967
iteration: 236    and    r residual :0.00267871
iteration: 237    and    r residual :0.00162214
iteration: 238    and    r residual :0.00144976
iteration: 239    and    r residual :0.00194581
iteration: 240    and    r residual :0.00188853
iteration: 241    and    r residual :0.00146279
iteration: 242    and    r residual :0.00146086
iteration: 243    and    r residual :0.00143123
iteration: 244    and    r residual :0.00362365
iteration: 245    and    r residual :0.001578
iteration: 246    and    r residual :0.00157884
iteration: 247    and    r residual :0.00160584
iteration: 248    and    r residual :0.00152263
iteration: 249    and    r residual :0.00195884
iteration: 250    and    r residual :0.00308195
iteration: 251    and    r residual :0.00303165
iteration: 252    and    r residual :0.00118293
iteration: 253    and    r residual :0.00146858
iteration: 254    and    r residual :0.007877
iteration: 255    and    r residual :0.000426151
iteration: 256    and    r residual :0.000528438
iteration: 257    and    r residual :0.000348407
iteration: 258    and    r residual :0.000347074
iteration: 259    and    r residual :0.000491208
iteration: 260    and    r residual :0.000250905
iteration: 261    and    r residual :0.00150993
iteration: 262    and    r residual :0.00175732
iteration: 263    and    r residual :0.00149937
iteration: 264    and    r residual :0.000814697
iteration: 265    and    r residual :0.000817014
iteration: 266    and    r residual :0.000885811
iteration: 267    and    r residual :0.000808747
iteration: 268    and    r residual :0.000795368
iteration: 269    and    r residual :0.000840036
iteration: 270    and    r residual :0.000840453
iteration: 271    and    r residual :0.00135044
iteration: 272    and    r residual :0.00773201
iteration: 273    and    r residual :0.000703574
iteration: 274    and    r residual :0.000502635
iteration: 275    and    r residual :0.000897348
iteration: 276    and    r residual :0.000633789
iteration: 277    and    r residual :0.00129411
iteration: 278    and    r residual :0.000123229
iteration: 279    and    r residual :0.000132917
iteration: 280    and    r residual :0.000125112
iteration: 281    and    r residual :0.000123482
iteration: 282    and    r residual :0.000121162
iteration: 283    and    r residual :0.000116421
iteration: 284    and    r residual :0.000109901
iteration: 285    and    r residual :0.000110206
iteration: 286    and    r residual :0.000914524
iteration: 287    and    r residual :0.00016478
iteration: 288    and    r residual :0.000161759
iteration: 289    and    r residual :0.000210182
iteration: 290    and    r residual :0.000109454
iteration: 291    and    r residual :0.000120569
iteration: 292    and    r residual :0.000117498
iteration: 293    and    r residual :0.000128084
iteration: 294    and    r residual :8.83858e-05
iteration: 295    and    r residual :0.000187313
iteration: 296    and    r residual :0.000179245
iteration: 297    and    r residual :0.000805796
iteration: 298    and    r residual :0.000590909
iteration: 299    and    r residual :0.000620573
iteration: 300    and    r residual :0.000828879
iteration: 301    and    r residual :0.000327264
iteration: 302    and    r residual :0.000118564
iteration: 303    and    r residual :0.000266393
iteration: 304    and    r residual :0.000216699
iteration: 305    and    r residual :0.00049335
iteration: 306    and    r residual :0.000140716
iteration: 307    and    r residual :0.000653113
iteration: 308    and    r residual :8.76244e-05
iteration: 309    and    r residual :6.02967e-05
iteration: 310    and    r residual :5.47935e-05
iteration: 311    and    r residual :5.53926e-05
iteration: 312    and    r residual :5.37229e-05
iteration: 313    and    r residual :2.59007e-05
iteration: 314    and    r residual :2.59624e-05
iteration: 315    and    r residual :2.29809e-05
iteration: 316    and    r residual :4.24949e-05
iteration: 317    and    r residual :1.91402e-05
iteration: 318    and    r residual :2.44509e-05
iteration: 319    and    r residual :1.87586e-05
iteration: 320    and    r residual :1.83753e-05
iteration: 321    and    r residual :1.81914e-05
iteration: 322    and    r residual :1.73052e-05
iteration: 323    and    r residual :2.15978e-05
iteration: 324    and    r residual :2.47631e-05
iteration: 325    and    r residual :2.72508e-05
iteration: 326    and    r residual :2.17418e-05
iteration: 327    and    r residual :2.212e-05
iteration: 328    and    r residual :2.46454e-05
iteration: 329    and    r residual :4.01649e-05
iteration: 330    and    r residual :1.61018e-05
iteration: 331    and    r residual :1.22333e-05
iteration: 332    and    r residual :1.19769e-05
BiCGStab execution time: 0.588 seconds.
Converged with residual norm: 1.86759e-06
Average error (Ax-b): 2.19013e-12
Total execution time: 1.167 seconds.
