iteration: 0    and    r residual :4997.54
iteration: 1    and    r residual :6407.05
iteration: 2    and    r residual :1233.45
iteration: 3    and    r residual :1419.8
iteration: 4    and    r residual :1411.04
iteration: 5    and    r residual :597.589
iteration: 6    and    r residual :557.153
iteration: 7    and    r residual :614.255
iteration: 8    and    r residual :796.501
iteration: 9    and    r residual :356.801
iteration: 10    and    r residual :352.383
iteration: 11    and    r residual :354.734
iteration: 12    and    r residual :661.406
iteration: 13    and    r residual :396.621
iteration: 14    and    r residual :760.708
iteration: 15    and    r residual :248.649
iteration: 16    and    r residual :252.033
iteration: 17    and    r residual :251.634
iteration: 18    and    r residual :369.897
iteration: 19    and    r residual :290.162
iteration: 20    and    r residual :366.554
iteration: 21    and    r residual :358.804
iteration: 22    and    r residual :201.091
iteration: 23    and    r residual :199.242
iteration: 24    and    r residual :198.71
iteration: 25    and    r residual :215.007
iteration: 26    and    r residual :189.241
iteration: 27    and    r residual :268.138
iteration: 28    and    r residual :169.324
iteration: 29    and    r residual :167.793
iteration: 30    and    r residual :168.101
iteration: 31    and    r residual :166.156
iteration: 32    and    r residual :225.507
iteration: 33    and    r residual :246.649
iteration: 34    and    r residual :414.386
iteration: 35    and    r residual :142.838
iteration: 36    and    r residual :141.106
iteration: 37    and    r residual :137.56
iteration: 38    and    r residual :150.975
iteration: 39    and    r residual :307.184
iteration: 40    and    r residual :160694
iteration: 41    and    r residual :324.266
iteration: 42    and    r residual :130.601
iteration: 43    and    r residual :122.938
iteration: 44    and    r residual :123.201
iteration: 45    and    r residual :121.965
iteration: 46    and    r residual :223.155
iteration: 47    and    r residual :152.977
iteration: 48    and    r residual :258.793
iteration: 49    and    r residual :158.047
iteration: 50    and    r residual :127.067
iteration: 51    and    r residual :174.132
iteration: 52    and    r residual :97.7946
iteration: 53    and    r residual :82.0627
iteration: 54    and    r residual :80.0049
iteration: 55    and    r residual :80.8812
iteration: 56    and    r residual :81.7305
iteration: 57    and    r residual :74.2405
iteration: 58    and    r residual :79.8157
iteration: 59    and    r residual :67.7361
iteration: 60    and    r residual :66.9468
iteration: 61    and    r residual :75.7377
iteration: 62    and    r residual :64.4846
iteration: 63    and    r residual :56.9425
iteration: 64    and    r residual :50.6992
iteration: 65    and    r residual :48.3396
iteration: 66    and    r residual :47.4742
iteration: 67    and    r residual :50.1567
iteration: 68    and    r residual :168.504
iteration: 69    and    r residual :73.5997
iteration: 70    and    r residual :107.552
iteration: 71    and    r residual :209.154
iteration: 72    and    r residual :311.26
iteration: 73    and    r residual :122.018
iteration: 74    and    r residual :46.2845
iteration: 75    and    r residual :28.4864
iteration: 76    and    r residual :33.9579
iteration: 77    and    r residual :28.5771
iteration: 78    and    r residual :27.4166
iteration: 79    and    r residual :27.007
iteration: 80    and    r residual :26.3484
iteration: 81    and    r residual :26.8433
iteration: 82    and    r residual :33.8885
iteration: 83    and    r residual :23.4375
iteration: 84    and    r residual :22.5385
iteration: 85    and    r residual :23.7879
iteration: 86    and    r residual :546.14
iteration: 87    and    r residual :37.6129
iteration: 88    and    r residual :37.7306
iteration: 89    and    r residual :23.4311
iteration: 90    and    r residual :19.3439
iteration: 91    and    r residual :15.1741
iteration: 92    and    r residual :14.6221
iteration: 93    and    r residual :14.4559
iteration: 94    and    r residual :13.5832
iteration: 95    and    r residual :13.9273
iteration: 96    and    r residual :11.0386
iteration: 97    and    r residual :10.9072
iteration: 98    and    r residual :9.86111
iteration: 99    and    r residual :9.14648
iteration: 100    and    r residual :8.68345
iteration: 101    and    r residual :8.00488
iteration: 102    and    r residual :8.22179
iteration: 103    and    r residual :9.86916
iteration: 104    and    r residual :8.71646
iteration: 105    and    r residual :8.78426
iteration: 106    and    r residual :8.89332
iteration: 107    and    r residual :8.7567
iteration: 108    and    r residual :11.3204
iteration: 109    and    r residual :6.33971
iteration: 110    and    r residual :7.56627
iteration: 111    and    r residual :7.53397
iteration: 112    and    r residual :7.3679
iteration: 113    and    r residual :4.44707
iteration: 114    and    r residual :4.45194
iteration: 115    and    r residual :4.26457
iteration: 116    and    r residual :4.23806
iteration: 117    and    r residual :19.3445
iteration: 118    and    r residual :5.98292
iteration: 119    and    r residual :13.5615
iteration: 120    and    r residual :3.49127
iteration: 121    and    r residual :10.0801
iteration: 122    and    r residual :2.98769
iteration: 123    and    r residual :2.84818
iteration: 124    and    r residual :2.63411
iteration: 125    and    r residual :2.38947
iteration: 126    and    r residual :2.29262
iteration: 127    and    r residual :2.30116
iteration: 128    and    r residual :3.42104
iteration: 129    and    r residual :3.24205
iteration: 130    and    r residual :6.45222
iteration: 131    and    r residual :1.70666
iteration: 132    and    r residual :2.18428
iteration: 133    and    r residual :1.76547
iteration: 134    and    r residual :1.86572
iteration: 135    and    r residual :1.17703
iteration: 136    and    r residual :1.6814
iteration: 137    and    r residual :1.42766
iteration: 138    and    r residual :2.23725
iteration: 139    and    r residual :2.11936
iteration: 140    and    r residual :1.81285
iteration: 141    and    r residual :1.55101
iteration: 142    and    r residual :1.7498
iteration: 143    and    r residual :1.52923
iteration: 144    and    r residual :1.56288
iteration: 145    and    r residual :1.16836
iteration: 146    and    r residual :1.35802
iteration: 147    and    r residual :1.22344
iteration: 148    and    r residual :1.39487
iteration: 149    and    r residual :1.10779
iteration: 150    and    r residual :10.73
iteration: 151    and    r residual :21.6545
iteration: 152    and    r residual :22.0918
iteration: 153    and    r residual :2.20163
iteration: 154    and    r residual :3.16236
iteration: 155    and    r residual :38.8251
iteration: 156    and    r residual :5.04634
iteration: 157    and    r residual :4.64036
iteration: 158    and    r residual :5.06135
iteration: 159    and    r residual :1.69083
iteration: 160    and    r residual :3.64151
iteration: 161    and    r residual :0.797468
iteration: 162    and    r residual :0.498867
iteration: 163    and    r residual :0.379357
iteration: 164    and    r residual :0.375145
iteration: 165    and    r residual :0.372289
iteration: 166    and    r residual :0.363016
iteration: 167    and    r residual :0.349779
iteration: 168    and    r residual :0.346908
iteration: 169    and    r residual :0.325981
iteration: 170    and    r residual :0.393627
iteration: 171    and    r residual :0.301283
iteration: 172    and    r residual :0.291457
iteration: 173    and    r residual :0.290205
iteration: 174    and    r residual :7.20621
iteration: 175    and    r residual :0.40264
iteration: 176    and    r residual :0.404809
iteration: 177    and    r residual :0.361733
iteration: 178    and    r residual :0.875919
iteration: 179    and    r residual :0.351016
iteration: 180    and    r residual :0.33777
iteration: 181    and    r residual :0.348035
iteration: 182    and    r residual :0.336839
iteration: 183    and    r residual :0.416774
iteration: 184    and    r residual :0.247473
iteration: 185    and    r residual :0.244865
iteration: 186    and    r residual :0.157987
iteration: 187    and    r residual :0.151934
iteration: 188    and    r residual :0.145331
iteration: 189    and    r residual :0.143638
iteration: 190    and    r residual :0.141455
iteration: 191    and    r residual :0.528416
iteration: 192    and    r residual :0.157195
iteration: 193    and    r residual :0.0874142
iteration: 194    and    r residual :0.115446
iteration: 195    and    r residual :0.094647
iteration: 196    and    r residual :0.0866356
iteration: 197    and    r residual :0.0893235
iteration: 198    and    r residual :0.0833725
iteration: 199    and    r residual :0.101787
iteration: 200    and    r residual :0.100278
iteration: 201    and    r residual :0.0973165
iteration: 202    and    r residual :0.112179
iteration: 203    and    r residual :0.110837
iteration: 204    and    r residual :0.114309
iteration: 205    and    r residual :0.255368
iteration: 206    and    r residual :0.0894216
iteration: 207    and    r residual :0.18319
iteration: 208    and    r residual :0.0448081
iteration: 209    and    r residual :0.0369162
iteration: 210    and    r residual :0.0478647
iteration: 211    and    r residual :0.0510638
iteration: 212    and    r residual :0.034629
iteration: 213    and    r residual :0.0352522
iteration: 214    and    r residual :0.0273721
iteration: 215    and    r residual :0.0223836
iteration: 216    and    r residual :0.0220775
iteration: 217    and    r residual :0.0222487
iteration: 218    and    r residual :0.0265209
iteration: 219    and    r residual :0.0235906
iteration: 220    and    r residual :0.0219565
iteration: 221    and    r residual :0.0252062
iteration: 222    and    r residual :0.018702
iteration: 223    and    r residual :0.0183883
iteration: 224    and    r residual :0.0106749
iteration: 225    and    r residual :0.00984333
iteration: 226    and    r residual :0.0103055
iteration: 227    and    r residual :0.0115032
iteration: 228    and    r residual :0.00576166
iteration: 229    and    r residual :0.006062
iteration: 230    and    r residual :0.0318192
iteration: 231    and    r residual :0.00437888
iteration: 232    and    r residual :0.00430079
iteration: 233    and    r residual :0.00419538
iteration: 234    and    r residual :0.00399809
iteration: 235    and    r residual :0.00385091
iteration: 236    and    r residual :0.00657024
iteration: 237    and    r residual :0.00465115
iteration: 238    and    r residual :0.00346033
iteration: 239    and    r residual :0.0025693
iteration: 240    and    r residual :0.00942622
iteration: 241    and    r residual :0.00168605
iteration: 242    and    r residual :0.00164307
iteration: 243    and    r residual :0.00329502
iteration: 244    and    r residual :0.00327223
iteration: 245    and    r residual :0.00202732
iteration: 246    and    r residual :0.00147352
iteration: 247    and    r residual :0.00151573
iteration: 248    and    r residual :0.00125476
iteration: 249    and    r residual :0.00720067
iteration: 250    and    r residual :0.00115503
iteration: 251    and    r residual :0.0012739
iteration: 252    and    r residual :0.00125013
iteration: 253    and    r residual :0.0754739
iteration: 254    and    r residual :0.00324513
iteration: 255    and    r residual :0.00147959
iteration: 256    and    r residual :0.00126949
iteration: 257    and    r residual :0.00125687
iteration: 258    and    r residual :0.00132258
iteration: 259    and    r residual :0.00105575
iteration: 260    and    r residual :0.00102162
iteration: 261    and    r residual :0.00110277
iteration: 262    and    r residual :0.00108309
iteration: 263    and    r residual :0.00104175
iteration: 264    and    r residual :0.00113688
iteration: 265    and    r residual :0.00109616
iteration: 266    and    r residual :0.00100029
iteration: 267    and    r residual :0.000584687
iteration: 268    and    r residual :0.000744426
iteration: 269    and    r residual :0.00128354
iteration: 270    and    r residual :0.000310169
iteration: 271    and    r residual :0.000345687
iteration: 272    and    r residual :0.000219987
iteration: 273    and    r residual :0.00021416
iteration: 274    and    r residual :0.00021234
iteration: 275    and    r residual :0.000189779
iteration: 276    and    r residual :0.000174073
iteration: 277    and    r residual :0.00016889
iteration: 278    and    r residual :0.000618413
iteration: 279    and    r residual :0.000434403
iteration: 280    and    r residual :0.000925182
iteration: 281    and    r residual :0.000531884
iteration: 282    and    r residual :0.000950971
iteration: 283    and    r residual :0.000824117
iteration: 284    and    r residual :0.00124186
iteration: 285    and    r residual :0.00163311
iteration: 286    and    r residual :0.00331754
iteration: 287    and    r residual :0.000775859
iteration: 288    and    r residual :0.000535842
iteration: 289    and    r residual :0.00168866
iteration: 290    and    r residual :0.00238504
iteration: 291    and    r residual :0.00185284
iteration: 292    and    r residual :0.00382344
iteration: 293    and    r residual :0.000167326
iteration: 294    and    r residual :0.000182078
iteration: 295    and    r residual :0.000520992
iteration: 296    and    r residual :0.00012995
iteration: 297    and    r residual :7.00829e-05
iteration: 298    and    r residual :7.44513e-05
iteration: 299    and    r residual :7.20254e-05
iteration: 300    and    r residual :7.05929e-05
iteration: 301    and    r residual :7.61959e-05
iteration: 302    and    r residual :0.000107842
iteration: 303    and    r residual :8.04365e-05
iteration: 304    and    r residual :7.88326e-05
iteration: 305    and    r residual :8.48267e-05
iteration: 306    and    r residual :8.06228e-05
iteration: 307    and    r residual :9.78584e-05
iteration: 308    and    r residual :9.48843e-05
iteration: 309    and    r residual :0.00309048
iteration: 310    and    r residual :0.000449161
iteration: 311    and    r residual :0.00110474
iteration: 312    and    r residual :0.00111573
iteration: 313    and    r residual :0.000118885
iteration: 314    and    r residual :0.000136515
iteration: 315    and    r residual :0.000136821
iteration: 316    and    r residual :0.000109802
iteration: 317    and    r residual :0.000391877
iteration: 318    and    r residual :0.000422338
iteration: 319    and    r residual :0.000181453
iteration: 320    and    r residual :8.80047e-05
iteration: 321    and    r residual :8.61372e-05
iteration: 322    and    r residual :0.000519647
iteration: 323    and    r residual :2.18117e-05
iteration: 324    and    r residual :1.78986e-05
iteration: 325    and    r residual :2.21724e-05
iteration: 326    and    r residual :2.17809e-05
iteration: 327    and    r residual :2.66925e-05
iteration: 328    and    r residual :2.50174e-05
iteration: 329    and    r residual :2.67401e-05
iteration: 330    and    r residual :1.00607e-05
iteration: 331    and    r residual :1.2367e-05
iteration: 332    and    r residual :1.31439e-05
iteration: 333    and    r residual :1.17116e-05
iteration: 334    and    r residual :1.17929e-05
iteration: 335    and    r residual :1.03554e-05
iteration: 336    and    r residual :2.08699e-05
iteration: 337    and    r residual :1.48895e-05
iteration: 338    and    r residual :1.45179e-05
iteration: 339    and    r residual :1.42771e-05
iteration: 340    and    r residual :1.40901e-05
iteration: 341    and    r residual :1.31248e-05
iteration: 342    and    r residual :1.37267e-05
iteration: 343    and    r residual :3.2577e-05
BiCGStab execution time: 0.865 seconds.
Converged with residual norm: 6.03135e-06
Average error (Ax-b): 1.42745e-11
Total execution time: 1.471 seconds.
